Microsoft HTML Help Compiler 4.74.8702

Compiling c:\Users\vruault\Desktop\Bidouille\MyFirstProject.chm


Compile time: 0 minutes, 0 seconds
2	Topics
2	Local links
0	Internet links
0	Graphics


Created c:\Users\vruault\Desktop\Bidouille\MyFirstProject.chm, 10,736 bytes
Compression increased file by 9,380 bytes.
Microsoft HTML Help Compiler 4.74.8702

Compiling c:\Users\vruault\Desktop\Bidouille\MyFirstProject.chm


Compile time: 0 minutes, 0 seconds
2	Topics
2	Local links
0	Internet links
0	Graphics


Created c:\Users\vruault\Desktop\Bidouille\MyFirstProject.chm, 10,746 bytes
Compression increased file by 9,367 bytes.
Microsoft HTML Help Compiler 4.74.8702

Compiling c:\Users\vruault\Desktop\Bidouille\MyFirstProject.chm


Compile time: 0 minutes, 0 seconds
2	Topics
2	Local links
0	Internet links
0	Graphics


Created c:\Users\vruault\Desktop\Bidouille\MyFirstProject.chm, 10,744 bytes
Compression increased file by 9,258 bytes.
HHC5010: Error: Cannot open "c:\Users\vruault\Desktop\Bidouille\MyFirstProject.chm". Compilation stopped.
Microsoft HTML Help Compiler 4.74.8702

Compiling c:\Users\vruault\Desktop\Bidouille\MyFirstProject.chm


Compile time: 0 minutes, 0 seconds
2	Topics
2	Local links
0	Internet links
0	Graphics


Created c:\Users\vruault\Desktop\Bidouille\MyFirstProject.chm, 10,746 bytes
Compression increased file by 9,367 bytes.
